<?xml version="1.0" encoding="UTF-8"?>
<!-- Generated by org.testng.reporters.JUnitReportReporter -->
<testsuite hostname="pc1" failures="0" tests="2" name="com.qa.flipkart.testcase.HomePageTest" time="69.764" errors="0" timestamp="13 Dec 2020 13:25:46 GMT" skipped="0">
  <testcase classname="com.qa.flipkart.testcase.HomePageTest" name="verifyThetitefterlogin" time="33.795"/>
  <testcase classname="com.qa.flipkart.testcase.HomePageTest" name="MyprofileTab" time="35.969"/>
</testsuite> <!-- com.qa.flipkart.testcase.HomePageTest -->
