<?xml version="1.0" encoding="UTF-8"?>
<!-- Generated by org.testng.reporters.JUnitReportReporter -->
<testsuite hostname="pc1" failures="0" tests="2" name="com.qa.flipkart.testcase.MyProfilePageTest" time="123.175" errors="0" timestamp="19 Dec 2020 19:28:13 GMT" skipped="0">
  <testcase classname="com.qa.flipkart.testcase.MyProfilePageTest" name="Enterdetails" time="58.930"/>
  <testcase classname="com.qa.flipkart.testcase.MyProfilePageTest" name="Enterdetails" time="64.245"/>
</testsuite> <!-- com.qa.flipkart.testcase.MyProfilePageTest -->
