<?xml version="1.0" encoding="UTF-8"?>
<!-- Generated by org.testng.reporters.JUnitReportReporter -->
<testsuite hostname="pc1" failures="0" tests="3" name="com.qa.flipkart.testcase.LoginPageTest" time="41.183" errors="0" timestamp="13 Dec 2020 13:25:46 GMT" skipped="2">
  <testcase classname="com.qa.flipkart.testcase.LoginPageTest" name="Login" time="41.183"/>
  <testcase classname="com.qa.flipkart.testcase.LoginPageTest" name="LoginLogovalidate">
    <skipped/>
  </testcase> <!-- LoginLogovalidate -->
  <testcase classname="com.qa.flipkart.testcase.LoginPageTest" name="Logintitle">
    <skipped/>
  </testcase> <!-- Logintitle -->
</testsuite> <!-- com.qa.flipkart.testcase.LoginPageTest -->
